  MeshViewer.cpp
f:\此电脑\文档\tencent files\1340871578\filerecv\课件\计算机图形学\实验\meshviewer\meshviewer\meshviewer.cpp(367): warning C4996: 'freopen': This function or variable may be unsafe. Consider using freopen_s instead. To disable deprecation, use _CRT_SECURE_NO_WARNINGS. See online help for details.
  c:\program files (x86)\windows kits\10\include\10.0.17763.0\ucrt\stdio.h(243): note: 参见“freopen”的声明
glui32d.lib(algebra3.obj) : warning LNK4099: 未找到 PDB“_glui library.pdb”(使用“glui32d.lib(algebra3.obj)”或在“F:\此电脑\文档\Tencent Files\1340871578\FileRecv\课件\计算机图形学\实验\MeshViewer\Debug\_glui library.pdb”中寻找)；正在链接对象，如同没有调试信息一样
glui32d.lib(arcball.obj) : warning LNK4099: 未找到 PDB“_glui library.pdb”(使用“glui32d.lib(arcball.obj)”或在“F:\此电脑\文档\Tencent Files\1340871578\FileRecv\课件\计算机图形学\实验\MeshViewer\Debug\_glui library.pdb”中寻找)；正在链接对象，如同没有调试信息一样
glui32d.lib(glui.obj) : warning LNK4099: 未找到 PDB“_glui library.pdb”(使用“glui32d.lib(glui.obj)”或在“F:\此电脑\文档\Tencent Files\1340871578\FileRecv\课件\计算机图形学\实验\MeshViewer\Debug\_glui library.pdb”中寻找)；正在链接对象，如同没有调试信息一样
glui32d.lib(glui_add_controls.obj) : warning LNK4099: 未找到 PDB“_glui library.pdb”(使用“glui32d.lib(glui_add_controls.obj)”或在“F:\此电脑\文档\Tencent Files\1340871578\FileRecv\课件\计算机图形学\实验\MeshViewer\Debug\_glui library.pdb”中寻找)；正在链接对象，如同没有调试信息一样
glui32d.lib(glui_bitmaps.obj) : warning LNK4099: 未找到 PDB“_glui library.pdb”(使用“glui32d.lib(glui_bitmaps.obj)”或在“F:\此电脑\文档\Tencent Files\1340871578\FileRecv\课件\计算机图形学\实验\MeshViewer\Debug\_glui library.pdb”中寻找)；正在链接对象，如同没有调试信息一样
glui32d.lib(glui_bitmap_img_data.obj) : warning LNK4099: 未找到 PDB“_glui library.pdb”(使用“glui32d.lib(glui_bitmap_img_data.obj)”或在“F:\此电脑\文档\Tencent Files\1340871578\FileRecv\课件\计算机图形学\实验\MeshViewer\Debug\_glui library.pdb”中寻找)；正在链接对象，如同没有调试信息一样
glui32d.lib(glui_button.obj) : warning LNK4099: 未找到 PDB“_glui library.pdb”(使用“glui32d.lib(glui_button.obj)”或在“F:\此电脑\文档\Tencent Files\1340871578\FileRecv\课件\计算机图形学\实验\MeshViewer\Debug\_glui library.pdb”中寻找)；正在链接对象，如同没有调试信息一样
glui32d.lib(glui_checkbox.obj) : warning LNK4099: 未找到 PDB“_glui library.pdb”(使用“glui32d.lib(glui_checkbox.obj)”或在“F:\此电脑\文档\Tencent Files\1340871578\FileRecv\课件\计算机图形学\实验\MeshViewer\Debug\_glui library.pdb”中寻找)；正在链接对象，如同没有调试信息一样
glui32d.lib(glui_column.obj) : warning LNK4099: 未找到 PDB“_glui library.pdb”(使用“glui32d.lib(glui_column.obj)”或在“F:\此电脑\文档\Tencent Files\1340871578\FileRecv\课件\计算机图形学\实验\MeshViewer\Debug\_glui library.pdb”中寻找)；正在链接对象，如同没有调试信息一样
glui32d.lib(glui_control.obj) : warning LNK4099: 未找到 PDB“_glui library.pdb”(使用“glui32d.lib(glui_control.obj)”或在“F:\此电脑\文档\Tencent Files\1340871578\FileRecv\课件\计算机图形学\实验\MeshViewer\Debug\_glui library.pdb”中寻找)；正在链接对象，如同没有调试信息一样
glui32d.lib(glui_edittext.obj) : warning LNK4099: 未找到 PDB“_glui library.pdb”(使用“glui32d.lib(glui_edittext.obj)”或在“F:\此电脑\文档\Tencent Files\1340871578\FileRecv\课件\计算机图形学\实验\MeshViewer\Debug\_glui library.pdb”中寻找)；正在链接对象，如同没有调试信息一样
glui32d.lib(glui_listbox.obj) : warning LNK4099: 未找到 PDB“_glui library.pdb”(使用“glui32d.lib(glui_listbox.obj)”或在“F:\此电脑\文档\Tencent Files\1340871578\FileRecv\课件\计算机图形学\实验\MeshViewer\Debug\_glui library.pdb”中寻找)；正在链接对象，如同没有调试信息一样
glui32d.lib(glui_mouse_iaction.obj) : warning LNK4099: 未找到 PDB“_glui library.pdb”(使用“glui32d.lib(glui_mouse_iaction.obj)”或在“F:\此电脑\文档\Tencent Files\1340871578\FileRecv\课件\计算机图形学\实验\MeshViewer\Debug\_glui library.pdb”中寻找)；正在链接对象，如同没有调试信息一样
glui32d.lib(glui_node.obj) : warning LNK4099: 未找到 PDB“_glui library.pdb”(使用“glui32d.lib(glui_node.obj)”或在“F:\此电脑\文档\Tencent Files\1340871578\FileRecv\课件\计算机图形学\实验\MeshViewer\Debug\_glui library.pdb”中寻找)；正在链接对象，如同没有调试信息一样
glui32d.lib(glui_panel.obj) : warning LNK4099: 未找到 PDB“_glui library.pdb”(使用“glui32d.lib(glui_panel.obj)”或在“F:\此电脑\文档\Tencent Files\1340871578\FileRecv\课件\计算机图形学\实验\MeshViewer\Debug\_glui library.pdb”中寻找)；正在链接对象，如同没有调试信息一样
glui32d.lib(glui_radio.obj) : warning LNK4099: 未找到 PDB“_glui library.pdb”(使用“glui32d.lib(glui_radio.obj)”或在“F:\此电脑\文档\Tencent Files\1340871578\FileRecv\课件\计算机图形学\实验\MeshViewer\Debug\_glui library.pdb”中寻找)；正在链接对象，如同没有调试信息一样
glui32d.lib(glui_rollout.obj) : warning LNK4099: 未找到 PDB“_glui library.pdb”(使用“glui32d.lib(glui_rollout.obj)”或在“F:\此电脑\文档\Tencent Files\1340871578\FileRecv\课件\计算机图形学\实验\MeshViewer\Debug\_glui library.pdb”中寻找)；正在链接对象，如同没有调试信息一样
glui32d.lib(glui_rotation.obj) : warning LNK4099: 未找到 PDB“_glui library.pdb”(使用“glui32d.lib(glui_rotation.obj)”或在“F:\此电脑\文档\Tencent Files\1340871578\FileRecv\课件\计算机图形学\实验\MeshViewer\Debug\_glui library.pdb”中寻找)；正在链接对象，如同没有调试信息一样
glui32d.lib(glui_separator.obj) : warning LNK4099: 未找到 PDB“_glui library.pdb”(使用“glui32d.lib(glui_separator.obj)”或在“F:\此电脑\文档\Tencent Files\1340871578\FileRecv\课件\计算机图形学\实验\MeshViewer\Debug\_glui library.pdb”中寻找)；正在链接对象，如同没有调试信息一样
glui32d.lib(glui_spinner.obj) : warning LNK4099: 未找到 PDB“_glui library.pdb”(使用“glui32d.lib(glui_spinner.obj)”或在“F:\此电脑\文档\Tencent Files\1340871578\FileRecv\课件\计算机图形学\实验\MeshViewer\Debug\_glui library.pdb”中寻找)；正在链接对象，如同没有调试信息一样
glui32d.lib(glui_statictext.obj) : warning LNK4099: 未找到 PDB“_glui library.pdb”(使用“glui32d.lib(glui_statictext.obj)”或在“F:\此电脑\文档\Tencent Files\1340871578\FileRecv\课件\计算机图形学\实验\MeshViewer\Debug\_glui library.pdb”中寻找)；正在链接对象，如同没有调试信息一样
glui32d.lib(glui_string.obj) : warning LNK4099: 未找到 PDB“_glui library.pdb”(使用“glui32d.lib(glui_string.obj)”或在“F:\此电脑\文档\Tencent Files\1340871578\FileRecv\课件\计算机图形学\实验\MeshViewer\Debug\_glui library.pdb”中寻找)；正在链接对象，如同没有调试信息一样
glui32d.lib(glui_translation.obj) : warning LNK4099: 未找到 PDB“_glui library.pdb”(使用“glui32d.lib(glui_translation.obj)”或在“F:\此电脑\文档\Tencent Files\1340871578\FileRecv\课件\计算机图形学\实验\MeshViewer\Debug\_glui library.pdb”中寻找)；正在链接对象，如同没有调试信息一样
glui32d.lib(glui_window.obj) : warning LNK4099: 未找到 PDB“_glui library.pdb”(使用“glui32d.lib(glui_window.obj)”或在“F:\此电脑\文档\Tencent Files\1340871578\FileRecv\课件\计算机图形学\实验\MeshViewer\Debug\_glui library.pdb”中寻找)；正在链接对象，如同没有调试信息一样
glui32d.lib(quaternion.obj) : warning LNK4099: 未找到 PDB“_glui library.pdb”(使用“glui32d.lib(quaternion.obj)”或在“F:\此电脑\文档\Tencent Files\1340871578\FileRecv\课件\计算机图形学\实验\MeshViewer\Debug\_glui library.pdb”中寻找)；正在链接对象，如同没有调试信息一样
  MeshViewer.vcxproj -> F:\此电脑\文档\Tencent Files\1340871578\FileRecv\课件\计算机图形学\实验\MeshViewer\Debug\MeshViewer.exe
